<?xml version="1.0" encoding="UTF-8" standalone="yes"?>
<ns2:test-suite start="1470202885658" stop="1470202901827" version="1.4.12" xmlns:ns2="urn:model.allure.qatools.yandex.ru">
    <name>Default Suite : SWATF</name>
    <title>Default Suite : SWATF</title>
    <test-cases>
        <test-case start="1470202885700" stop="1470202885709" status="pending">
            <name>playButton3</name>
            <failure>
                <message>Test not implemented yet</message>
                <stack-trace>There are no stack trace</stack-trace>
            </failure>
            <steps/>
            <attachments/>
            <labels>
                <label name="host" value="alienM14X"/>
                <label name="thread" value="7716@alienM14X.main(1)"/>
            </labels>
        </test-case>
        <test-case start="1470202900819" stop="1470202901748" status="broken">
            <name>TC01_Home</name>
            <failure>
                <message>RuntimeException: java.lang.ClassCastException: com.google.common.collect.Maps$TransformedEntriesMap cannot be cast to java.lang.String</message>
                <stack-trace>java.lang.RuntimeException: java.lang.ClassCastException: com.google.common.collect.Maps$TransformedEntriesMap cannot be cast to java.lang.String
	at com.app.reusable.Component.waitForComponent(Component.java:71)
	at com.app.reusable.Component.getElement(Component.java:45)
	at com.app.objects.TextField.enterValue(TextField.java:16)
	at com.app.testcases.WebPageTest.TC01_Home(WebPageTest.java:37)
	at sun.reflect.NativeMethodAccessorImpl.invoke0(Native Method)
	at sun.reflect.NativeMethodAccessorImpl.invoke(NativeMethodAccessorImpl.java:62)
	at sun.reflect.DelegatingMethodAccessorImpl.invoke(DelegatingMethodAccessorImpl.java:43)
	at java.lang.reflect.Method.invoke(Method.java:498)
	at org.testng.internal.MethodInvocationHelper.invokeMethod(MethodInvocationHelper.java:85)
	at org.testng.internal.Invoker.invokeMethod(Invoker.java:639)
	at org.testng.internal.Invoker.invokeTestMethod(Invoker.java:816)
	at org.testng.internal.Invoker.invokeTestMethods(Invoker.java:1124)
	at org.testng.internal.TestMethodWorker.invokeTestMethods(TestMethodWorker.java:125)
	at org.testng.internal.TestMethodWorker.run(TestMethodWorker.java:108)
	at org.testng.TestRunner.privateRun(TestRunner.java:774)
	at org.testng.TestRunner.run(TestRunner.java:624)
	at org.testng.SuiteRunner.runTest(SuiteRunner.java:359)
	at org.testng.SuiteRunner.runSequentially(SuiteRunner.java:354)
	at org.testng.SuiteRunner.privateRun(SuiteRunner.java:312)
	at org.testng.SuiteRunner.run(SuiteRunner.java:261)
	at org.testng.SuiteRunnerWorker.runSuite(SuiteRunnerWorker.java:52)
	at org.testng.SuiteRunnerWorker.run(SuiteRunnerWorker.java:86)
	at org.testng.TestNG.runSuitesSequentially(TestNG.java:1215)
	at org.testng.TestNG.runSuitesLocally(TestNG.java:1140)
	at org.testng.TestNG.run(TestNG.java:1048)
	at org.testng.IDEARemoteTestNG.run(IDEARemoteTestNG.java:74)
	at org.testng.RemoteTestNGStarter.main(RemoteTestNGStarter.java:124)
	at sun.reflect.NativeMethodAccessorImpl.invoke0(Native Method)
	at sun.reflect.NativeMethodAccessorImpl.invoke(NativeMethodAccessorImpl.java:62)
	at sun.reflect.DelegatingMethodAccessorImpl.invoke(DelegatingMethodAccessorImpl.java:43)
	at java.lang.reflect.Method.invoke(Method.java:498)
	at com.intellij.rt.execution.application.AppMain.main(AppMain.java:147)
Caused by: java.lang.ClassCastException: com.google.common.collect.Maps$TransformedEntriesMap cannot be cast to java.lang.String
	at com.app.reusable.Component$1.apply(Component.java:60)
	at com.app.reusable.Component$1.apply(Component.java:56)
	at org.openqa.selenium.support.ui.FluentWait.until(FluentWait.java:238)
	at com.app.reusable.Component.waitForComponent(Component.java:56)
	... 31 more
</stack-trace>
            </failure>
            <steps>
                <step start="1470202896662" stop="1470202896669" status="passed">
                    <name>initObjects</name>
                </step>
                <step start="1470202901231" stop="1470202901746" status="passed">
                    <name>onTestFailure[[TestResult name=TC01_Home status=FAILURE method=WebPageTest.TC01_Home()[pri:0, instance:com.app.testcases...]</name>
                    <title>Hi, Im step in your testng listener</title>
                    <attachments>
                        <attachment title="Hi, Im attachment in your testng listener" source="d4b4f8b7-7f7c-4997-a65f-f0151c3b6818-attachment.txt" type="text/plain" size="23"/>
                    </attachments>
                </step>
            </steps>
            <attachments/>
            <labels>
                <label name="host" value="alienM14X"/>
                <label name="thread" value="7716@alienM14X.main(1)"/>
            </labels>
        </test-case>
        <test-case start="1470202901749" stop="1470202901757" status="passed">
            <name>TC02_Search</name>
            <steps/>
            <attachments/>
            <labels>
                <label name="host" value="alienM14X"/>
                <label name="thread" value="7716@alienM14X.main(1)"/>
            </labels>
        </test-case>
    </test-cases>
    <labels>
        <label name="framework" value="TestNG"/>
        <label name="language" value="JAVA"/>
    </labels>
</ns2:test-suite>
