<?xml version="1.0" encoding="UTF-8" standalone="yes"?>
<ns2:test-suite start="1470204260487" stop="1470204297348" version="1.4.12" xmlns:ns2="urn:model.allure.qatools.yandex.ru">
    <name>Default Suite : SWATF</name>
    <title>Default Suite : SWATF</title>
    <test-cases>
        <test-case start="1470204260519" stop="1470204260527" status="pending">
            <name>playButton3</name>
            <failure>
                <message>Test not implemented yet</message>
                <stack-trace>There are no stack trace</stack-trace>
            </failure>
            <steps/>
            <attachments/>
            <labels>
                <label name="host" value="alienM14X"/>
                <label name="thread" value="4616@alienM14X.main(1)"/>
            </labels>
        </test-case>
        <test-case start="1470204276047" stop="1470204297266" status="broken">
            <name>TC01_Home</name>
            <failure>
                <message>RuntimeException: org.openqa.selenium.TimeoutException: Timed out after 20 seconds waiting for com.app.reusable.Component$3@3faa55
Build info: version: '2.53.1', revision: 'a36b8b1', time: '2016-06-30 17:32:46'
System info: host: 'alienM14X', ip: '192.168.0.11', os.name: 'Windows 10', os.arch: 'amd64', os.version: '10.0', java.version: '1.8.0_77'
Driver info: driver.version: unknown</message>
                <stack-trace>java.lang.RuntimeException: org.openqa.selenium.TimeoutException: Timed out after 20 seconds waiting for com.app.reusable.Component$3@3faa55
Build info: version: '2.53.1', revision: 'a36b8b1', time: '2016-06-30 17:32:46'
System info: host: 'alienM14X', ip: '192.168.0.11', os.name: 'Windows 10', os.arch: 'amd64', os.version: '10.0', java.version: '1.8.0_77'
Driver info: driver.version: unknown
	at com.app.reusable.Component.getXPathString(Component.java:124)
	at com.app.reusable.Component.getElement(Component.java:46)
	at com.app.objects.TextField.enterValue(TextField.java:16)
	at com.app.testcases.WebPageTest.TC01_Home(WebPageTest.java:37)
	at sun.reflect.NativeMethodAccessorImpl.invoke0(Native Method)
	at sun.reflect.NativeMethodAccessorImpl.invoke(NativeMethodAccessorImpl.java:62)
	at sun.reflect.DelegatingMethodAccessorImpl.invoke(DelegatingMethodAccessorImpl.java:43)
	at java.lang.reflect.Method.invoke(Method.java:498)
	at org.testng.internal.MethodInvocationHelper.invokeMethod(MethodInvocationHelper.java:85)
	at org.testng.internal.Invoker.invokeMethod(Invoker.java:639)
	at org.testng.internal.Invoker.invokeTestMethod(Invoker.java:816)
	at org.testng.internal.Invoker.invokeTestMethods(Invoker.java:1124)
	at org.testng.internal.TestMethodWorker.invokeTestMethods(TestMethodWorker.java:125)
	at org.testng.internal.TestMethodWorker.run(TestMethodWorker.java:108)
	at org.testng.TestRunner.privateRun(TestRunner.java:774)
	at org.testng.TestRunner.run(TestRunner.java:624)
	at org.testng.SuiteRunner.runTest(SuiteRunner.java:359)
	at org.testng.SuiteRunner.runSequentially(SuiteRunner.java:354)
	at org.testng.SuiteRunner.privateRun(SuiteRunner.java:312)
	at org.testng.SuiteRunner.run(SuiteRunner.java:261)
	at org.testng.SuiteRunnerWorker.runSuite(SuiteRunnerWorker.java:52)
	at org.testng.SuiteRunnerWorker.run(SuiteRunnerWorker.java:86)
	at org.testng.TestNG.runSuitesSequentially(TestNG.java:1215)
	at org.testng.TestNG.runSuitesLocally(TestNG.java:1140)
	at org.testng.TestNG.run(TestNG.java:1048)
	at org.testng.IDEARemoteTestNG.run(IDEARemoteTestNG.java:74)
	at org.testng.RemoteTestNGStarter.main(RemoteTestNGStarter.java:124)
	at sun.reflect.NativeMethodAccessorImpl.invoke0(Native Method)
	at sun.reflect.NativeMethodAccessorImpl.invoke(NativeMethodAccessorImpl.java:62)
	at sun.reflect.DelegatingMethodAccessorImpl.invoke(DelegatingMethodAccessorImpl.java:43)
	at java.lang.reflect.Method.invoke(Method.java:498)
	at com.intellij.rt.execution.application.AppMain.main(AppMain.java:147)
Caused by: org.openqa.selenium.TimeoutException: Timed out after 20 seconds waiting for com.app.reusable.Component$3@3faa55
Build info: version: '2.53.1', revision: 'a36b8b1', time: '2016-06-30 17:32:46'
System info: host: 'alienM14X', ip: '192.168.0.11', os.name: 'Windows 10', os.arch: 'amd64', os.version: '10.0', java.version: '1.8.0_77'
Driver info: driver.version: unknown
	at org.openqa.selenium.support.ui.FluentWait.timeoutException(FluentWait.java:292)
	at org.openqa.selenium.support.ui.FluentWait.until(FluentWait.java:261)
	at com.app.reusable.Component.getXPathString(Component.java:109)
	... 31 more
Caused by: org.openqa.selenium.WebDriverException: getXpath is not defined
Build info: version: '2.53.1', revision: 'a36b8b1', time: '2016-06-30 17:37:03'
System info: host: 'alienM14X', ip: '192.168.0.11', os.name: 'Windows 10', os.arch: 'amd64', os.version: '10.0', java.version: '1.8.0_77'
Driver info: driver.version: unknown
Command duration or timeout: 452 milliseconds
Build info: version: '2.53.1', revision: 'a36b8b1', time: '2016-06-30 17:32:46'
System info: host: 'alienM14X', ip: '192.168.0.11', os.name: 'Windows 10', os.arch: 'amd64', os.version: '10.0', java.version: '1.8.0_77'
Driver info: org.openqa.selenium.remote.RemoteWebDriver
Capabilities [{applicationCacheEnabled=true, rotatable=false, handlesAlerts=true, databaseEnabled=true, version=45.0.2, platform=WINDOWS, nativeEvents=false, acceptSslCerts=true, webdriver.remote.sessionid=8b02546c-c4a1-4d4a-84ed-29fbf478c985, webStorageEnabled=true, locationContextEnabled=true, browserName=firefox, takesScreenshot=true, javascriptEnabled=true, cssSelectorsEnabled=true}]
Session ID: 8b02546c-c4a1-4d4a-84ed-29fbf478c985
	at sun.reflect.GeneratedConstructorAccessor10.newInstance(Unknown Source)
	at sun.reflect.DelegatingConstructorAccessorImpl.newInstance(DelegatingConstructorAccessorImpl.java:45)
	at java.lang.reflect.Constructor.newInstance(Constructor.java:423)
	at org.openqa.selenium.remote.ErrorHandler.createThrowable(ErrorHandler.java:206)
	at org.openqa.selenium.remote.ErrorHandler.throwIfResponseFailed(ErrorHandler.java:158)
	at org.openqa.selenium.remote.RemoteWebDriver.execute(RemoteWebDriver.java:678)
	at org.openqa.selenium.remote.RemoteWebDriver.executeScript(RemoteWebDriver.java:577)
	at com.app.reusable.Component$3.apply(Component.java:113)
	at com.app.reusable.Component$3.apply(Component.java:109)
	at org.openqa.selenium.support.ui.FluentWait.until(FluentWait.java:238)
	... 32 more
Caused by: org.openqa.selenium.remote.ScreenshotException: Screen shot has been taken
Build info: version: '2.53.1', revision: 'a36b8b1', time: '2016-06-30 17:32:46'
System info: host: 'alienM14X', ip: '192.168.0.11', os.name: 'Windows 10', os.arch: 'amd64', os.version: '10.0', java.version: '1.8.0_77'
Driver info: driver.version: RemoteWebDriver
	at org.openqa.selenium.remote.ErrorHandler.throwIfResponseFailed(ErrorHandler.java:138)
	... 37 more
Caused by: org.openqa.selenium.WebDriverException: getXpath is not defined
Build info: version: '2.53.1', revision: 'a36b8b1', time: '2016-06-30 17:37:03'
System info: host: 'alienM14X', ip: '192.168.0.11', os.name: 'Windows 10', os.arch: 'amd64', os.version: '10.0', java.version: '1.8.0_77'
Driver info: driver.version: unknown
Build info: version: '2.53.1', revision: 'a36b8b1', time: '2016-06-30 17:32:46'
System info: host: 'alienM14X', ip: '192.168.0.11', os.name: 'Windows 10', os.arch: 'amd64', os.version: '10.0', java.version: '1.8.0_77'
Driver info: driver.version: unknown
	at &lt;anonymous class&gt;.anonymous(http://www.kohls.com/ line 69 &gt; Function:1)
	at &lt;anonymous class&gt;.handleEvaluateEvent(http://www.kohls.com/:69)
</stack-trace>
            </failure>
            <steps>
                <step start="1470204271205" stop="1470204271209" status="passed">
                    <name>initObjects</name>
                </step>
                <step start="1470204296919" stop="1470204297263" status="passed">
                    <name>onTestFailure[[TestResult name=TC01_Home status=FAILURE method=WebPageTest.TC01_Home()[pri:0, instance:com.app.testcases...]</name>
                    <title>Hi, Im step in your testng listener</title>
                    <attachments>
                        <attachment title="Hi, Im attachment in your testng listener" source="f5af7117-fa0d-4591-aef6-6ab90538fcbf-attachment.txt" type="text/plain" size="23"/>
                    </attachments>
                </step>
            </steps>
            <attachments/>
            <labels>
                <label name="host" value="alienM14X"/>
                <label name="thread" value="4616@alienM14X.main(1)"/>
            </labels>
        </test-case>
        <test-case start="1470204297267" stop="1470204297273" status="passed">
            <name>TC02_Search</name>
            <steps/>
            <attachments/>
            <labels>
                <label name="host" value="alienM14X"/>
                <label name="thread" value="4616@alienM14X.main(1)"/>
            </labels>
        </test-case>
    </test-cases>
    <labels>
        <label name="framework" value="TestNG"/>
        <label name="language" value="JAVA"/>
    </labels>
</ns2:test-suite>
